[10:54:02] [Render thread/INFO] [JMLogger] JourneyMap log initialized.
[10:54:02] [Render thread/INFO] [JourneymapClient] initialize ENTER
[10:54:02] [Render thread/INFO] [ClientAPI] [ClientAPI] built with JourneyMap API 1.9-SNAPSHOT
[10:54:02] [Render thread/INFO] [PluginHelper] Initializing plugins with Client API: journeymap.client.api.impl.ClientAPI
[10:54:02] [Render thread/INFO] [PluginHelper] Initialized IClientPlugin: net.blay09.mods.waystones.compat.JourneyMapIntegration
[10:54:02] [Render thread/INFO] [PluginHelper] Initialized IClientPlugin: com.railwayteam.railways.compat.journeymap.RailwayMapPlugin
[10:54:02] [Render thread/WARN] [PropertiesBase] core (Initialized) Bad configField entry during updateFrom(): optionsManagerViewed=null
[10:54:02] [Render thread/WARN] [PropertiesBase] core (Initialized) Bad configField entry during updateFrom(): splashViewed=null
[10:54:02] [Render thread/INFO] [?] Version: JourneyMap 1.20.1-5.9.15, built with forge 1.20.1-47.1.46
forge: 47.2.0
Environment: os.name, os.arch, java.version, user.country, user.language=null, game language=en_us, locale=en_us
Features: 
	RadarPlayers : singleplayer = true , multiplayer = true
	RadarAnimals : singleplayer = true , multiplayer = true
	RadarMobs : singleplayer = true , multiplayer = true
	RadarVillagers : singleplayer = true , multiplayer = true
	MapTopo : singleplayer = true , multiplayer = true
	MapSurface : singleplayer = true , multiplayer = true
	MapCaves : singleplayer = true , multiplayer = true
	MapBiome : singleplayer = true , multiplayer = true
MiniMapProperties{state=Valid, file=journeymap.minimap.config, configVersion=5.9.15, zoomLevel=0, compassFontScale=1.0, terrainAlpha=100, showEntityNames=true, positionX=0.9, positionY=0.25, effectVertical=false, showPlayerHeading=true, sizePercent=30, playerDisplayScale=1.0, showDayNight=true, showPets=true, preferredMapType=day, showCompass=true, mobDisplay=jm.common.entity_display.dots, systemTimeRealFormat=HH:mm:ss, shape=jm.minimap.shape_circle, showSelf=true, selfDisplayScale=1.0, showGrid=true, reticleOrientation=jm.minimap.orientation.compass, gameTimeRealFormat=HH:mm:ss, effectTranslateX=-80, showWaypoints=true, minimapKeyMovementSpeed=0.001, showAnimals=true, infoSlotAlpha=0.7, effectTranslateY=0, showWaypointLabels=true, moveEffectIcons=true, position=jm.minimap.position_topright, fontScale=1.0, showPlayers=true, waypointIconScale=1.0, frameAlpha=100, effectReversed=false, backgroundAlpha=0.8, enabled=true, showVillagers=true, info2Label=jm.theme.labelsource.gametime, info3Label=jm.theme.labelsource.location, showMobs=true, waypointLabelScale=1.0, showReticle=true, orientation=jm.minimap.orientation.north, info4Label=jm.theme.labelsource.biome, locationFormat=xzyv, playerDisplay=jm.common.entity_display.dots, mobDisplayScale=1.0, showCaves=true, showMobHeading=true, locationFormatVerbose=true, info1Label=jm.theme.labelsource.blank}
MiniMapProperties{state=Valid, file=journeymap.minimap2.config, configVersion=5.9.15, zoomLevel=0, compassFontScale=1.0, terrainAlpha=100, showEntityNames=true, positionX=0.9, positionY=0.25, effectVertical=false, showPlayerHeading=true, sizePercent=30, playerDisplayScale=1.0, showDayNight=true, showPets=true, preferredMapType=day, showCompass=true, mobDisplay=jm.common.entity_display.dots, systemTimeRealFormat=HH:mm:ss, shape=jm.minimap.shape_rectangle, showSelf=true, selfDisplayScale=1.0, showGrid=true, reticleOrientation=jm.minimap.orientation.compass, gameTimeRealFormat=HH:mm:ss, effectTranslateX=0, showWaypoints=true, minimapKeyMovementSpeed=0.001, showAnimals=true, infoSlotAlpha=0.7, effectTranslateY=0, showWaypointLabels=true, moveEffectIcons=true, position=jm.minimap.position_topright, fontScale=1.0, showPlayers=true, waypointIconScale=1.0, frameAlpha=100, effectReversed=false, backgroundAlpha=0.8, enabled=true, showVillagers=true, info2Label=jm.theme.labelsource.gametime, info3Label=jm.theme.labelsource.location, showMobs=true, waypointLabelScale=1.0, showReticle=true, orientation=jm.minimap.orientation.north, info4Label=jm.theme.labelsource.biome, locationFormat=xzyv, playerDisplay=jm.common.entity_display.dots, mobDisplayScale=1.0, showCaves=true, showMobHeading=true, locationFormatVerbose=true, info1Label=jm.theme.labelsource.blank}
FullMapProperties{state=Valid, file=journeymap.fullmap.config, configVersion=5.9.15, zoomLevel=0, showPlayers=true, waypointIconScale=1.0, showEntityNames=true, showPlayerHeading=true, showVillagers=true, showPlayerLoc=true, showKeys=true, playerDisplayScale=1.0, showMobs=true, showPets=true, waypointLabelScale=1.0, preferredMapType=day, mobDisplay=jm.common.entity_display.dots, showSelf=true, locationFormat=xzyv, playerDisplay=jm.common.entity_display.dots, mobDisplayScale=1.0, selfDisplayScale=1.0, showGrid=true, showMouseLoc=true, showWaypoints=true, showCaves=true, showAnimals=true, dragScale=1, showMobHeading=true, showWaypointLabels=true, locationFormatVerbose=true, fontScale=1.0}
WaypointProperties{state=Valid, file=journeymap.waypoint.config, configVersion=5.9.15, autoRemoveDeathpointDistance=2, dateFormat=MM-dd-yyyy, autoRemoveDeathpoints=false, fullscreenDoubleClickToCreate=true, managerDimensionFocus=false, minDistance=4, boldLabel=false, textureSmall=true, showDeathpointlabel=true, beaconEnabled=true, createDeathpoints=true, showName=true, disableStrikeThrough=false, maxDistance=0, autoHideLabel=true, autoRemoveTempWaypoints=2, teleportCommand=/tp {name} {x} {y} {z}, showStaticBeam=true, shaderBeacon=false, timeFormat=HH:mm:ss, showDeviationLabel=false, showDistance=true, showRotatingBeam=true, fontScale=2.0, showTexture=true, managerEnabled=true}
WebMapProperties{state=Valid, file=journeymap.webmap.config, configVersion=5.9.15, port=8080, enabled=false}
CoreProperties{state=Valid, file=journeymap.core.config, configVersion=5.9.15, verboseColorPalette=false, maxPlayersData=32, mapSurfaceAboveCaves=true, dataCachingEnabled=true, optionsManagerViewed=null, announceMod=true, colorPassive=#bbbbbb, mapBlendWater=false, renderDistanceSurfaceMax=0, seedId=false, radarVerticalDistance=16, mapBlendGrass=true, recordCacheStats=false, hideSneakingEntities=true, revealShape=jm.minimap.shape_circle, mapBiome=true, alwaysMapSurface=false, colorVillager=#88e188, mapPlants=false, colorPet=#0077ff, radarLateralDistance=64, mapBathymetry=false, mapCrops=true, maxMobsData=32, mapPlantShadows=false, alwaysMapCaves=false, checkUpdates=true, mapBlendFoliage=true, hideSpectators=false, mappingEnabled=true, colorPlayer=#ffffff, tileHighDisplayQuality=true, cacheVillagersData=2200, logLevel=INFO, maxVillagersData=32, mapWaterBiomeColors=false, maxAnimalsData=32, mapTransparency=true, caveBlackAsClear=false, tileRenderType=1, caveIgnoreGlass=true, mapTopography=true, renderDistanceCaveMax=0, mapAntialiasing=true, colorSelf=#0000ff, cachePlayersData=2000, cacheMobsData=3000, cachePlayerData=1000, splashViewed=null, colorHostile=#ff0000, cacheAnimalsData=3100, themeName=OceanMonument, mapCaveLighting=true, renderDelay=2, glErrorChecking=false, autoMapPoll=2000}
[10:54:02] [Render thread/INFO] [JourneymapClient] initialize EXIT, elapsed count 1 avg 218.32ms
[10:54:21] [Render thread/INFO] [JourneymapClient] Journeymap PostInit
[10:54:21] [Render thread/INFO] [ThemeLoader] Preloaded theme textures: 73
[10:54:21] [Render thread/INFO] [JourneymapClient] postInitialize EXIT, elapsed count 1 avg 240.13ms
[10:54:37] [Netty Client IO #0/INFO] [ForgeConfig] Loading JourneyMap Forge Configs
[10:54:44] [Render thread/INFO] [JourneymapClient] World UID is set to: 5e3173d0-98c8-4df8-a541-cbbe385ff366
[10:54:45] [Render thread/WARN] [PropertiesBase] core (Initialized) Bad configField entry during updateFrom(): optionsManagerViewed=null
[10:54:45] [Render thread/WARN] [PropertiesBase] core (Initialized) Bad configField entry during updateFrom(): splashViewed=null
[10:54:45] [Render thread/INFO] [ModBlockDelegate] Custom modded block handling enabled for create
[10:54:45] [Render thread/INFO] [ModBlockDelegate] Custom modded block handling enabled for biomesoplenty
[10:54:45] [Render thread/INFO] [WaypointStore] Loaded 0 waypoints from C:\Users\mitul\curseforge\minecraft\Instances\Ganger Pack\journeymap\data\mp\Minecraft~Server_5e3173d0~98c8~4df8~a541~cbbe385ff366\waypoints
[10:54:45] [Render thread/INFO] [JourneymapClient] Mapping started in C:\Users\mitul\curseforge\minecraft\Instances\Ganger Pack\journeymap\data\mp\Minecraft~Server_5e3173d0~98c8~4df8~a541~cbbe385ff366\overworld. Memory: 4200MB total, 1350MB free 
[10:54:46] [Render thread/WARN] [JMLogger] Can't get entityTexture for alexsmobs:textures/entity_icon/blue_jay.png
[10:54:46] [Render thread/WARN] [JMLogger] Can't get entityTexture for ars_nouveau:textures/entity_icon/drygmy_brown.png
[10:54:46] [Render thread/WARN] [JMLogger] Can't get entityTexture for alexsmobs:textures/entity_icon/grizzly_bear.png
[10:54:46] [Render thread/WARN] [JMLogger] Can't get entityTexture for habitat:textures/entity_icon/passerine/american_goldfinch.png
[10:54:46] [Render thread/WARN] [JMLogger] Can't get entityTexture for habitat:textures/entity_icon/passerine/eurasian_bullfinch.png
[10:54:46] [Render thread/WARN] [JMLogger] Can't get entityTexture for habitat:textures/entity_icon/passerine/violet_backed_starling.png
[10:54:46] [Render thread/WARN] [JMLogger] Can't get entityTexture for alexsmobs:textures/entity_icon/skunk.png
[10:54:46] [Render thread/WARN] [JMLogger] Can't get entityTexture for aquaculture:textures/entity_icon/fish/perch.png
[10:54:46] [Render thread/WARN] [JMLogger] Can't get entityTexture for aquaculture:textures/entity_icon/fish/minnow.png
[10:54:46] [Render thread/WARN] [JMLogger] Can't get entityTexture for aquaculture:textures/entity_icon/fish/brown_trout.png
[10:54:46] [Render thread/WARN] [JMLogger] Can't get entityTexture for aquaculture:textures/entity_icon/fish/gar.png
[10:54:46] [Render thread/WARN] [JMLogger] Can't get entityTexture for aquaculture:textures/entity_icon/fish/bluegill.png
[10:54:47] [Render thread/INFO] [ChatLog] JourneyMap: Press [J]
[10:54:54] [Render thread/WARN] [JMLogger] Can't get entityTexture for habitat:textures/entity_icon/passerine/northern_cardinal.png
[10:54:54] [Render thread/WARN] [JMLogger] Can't get entityTexture for habitat:textures/entity_icon/passerine/blue_jay.png
[10:54:54] [Render thread/WARN] [JMLogger] Can't get entityTexture for alexsmobs:textures/entity_icon/crow.png
[10:54:54] [Render thread/WARN] [JMLogger] Can't get entityTexture for aquaculture:textures/entity_icon/fish/carp.png
[10:54:54] [Render thread/WARN] [JMLogger] Can't get entityTexture for aquaculture:textures/entity_icon/fish/smallmouth_bass.png
[10:54:54] [Render thread/WARN] [JMLogger] Can't get entityTexture for alexsmobs:textures/entity_icon/catfish_medium.png
[10:54:54] [Render thread/WARN] [JMLogger] Can't get entityTexture for riskofrain_mobs:textures/entity_icon/lemurian/lemurian_default.png
[10:54:57] [Render thread/WARN] [JMLogger] Can't get entityTexture for habitat:textures/entity_icon/passerine/common_sparrow.png
[10:55:07] [Render thread/WARN] [JMLogger] Can't get entityTexture for ars_nouveau:textures/entity_icon/whirlisprig_summer.png
[10:55:18] [Render thread/WARN] [JMLogger] Can't get entityTexture for alexsmobs:textures/entity_icon/bald_eagle.png
[10:55:24] [Render thread/WARN] [JMLogger] Can't get entityTexture for alexsmobs:textures/entity_icon/fly.png
[10:55:29] [Render thread/WARN] [JMLogger] Can't get entityTexture for ars_nouveau:textures/entity_icon/starbuncle_cyan.png
[10:55:32] [Render thread/WARN] [JMLogger] Can't get entityTexture for ars_nouveau:textures/entity_icon/starbuncle_magenta.png
[10:55:32] [Render thread/WARN] [JMLogger] Can't get entityTexture for aquaculture:textures/entity_icon/fish/catfish.png
[10:55:36] [Render thread/WARN] [JMLogger] Can't get entityTexture for alexsmobs:textures/entity_icon/raccoon.png
[10:56:35] [Render thread/WARN] [JMLogger] Can't get entityTexture for ars_nouveau:textures/entity_icon/starbuncle_light_blue.png
[10:56:35] [Render thread/WARN] [JMLogger] Can't get entityTexture for ars_nouveau:textures/entity_icon/starbuncle_black.png
[10:56:35] [Render thread/WARN] [JMLogger] Can't get entityTexture for alexsmobs:textures/entity_icon/tasmanian_devil.png
[10:56:35] [Render thread/WARN] [JMLogger] Can't get entityTexture for ars_nouveau:textures/entity_icon/starbuncle_brown.png
[10:56:35] [Render thread/WARN] [JMLogger] Can't get entityTexture for alexsmobs:textures/entity_icon/shoebill.png
[10:56:35] [Render thread/WARN] [JMLogger] Can't get entityTexture for alexsmobs:textures/entity_icon/alligator_snapping_turtle.png
[10:56:35] [Render thread/WARN] [JMLogger] Can't get entityTexture for alexsmobs:textures/entity_icon/anaconda_yellow.png
[10:56:35] [Render thread/WARN] [JMLogger] Can't get entityTexture for alexsmobs:textures/entity_icon/crocodile_0.png
[10:56:39] [Render thread/WARN] [JMLogger] Can't get entityTexture for ars_nouveau:textures/entity_icon/starbuncle_purple.png
[10:56:39] [Render thread/WARN] [JMLogger] Can't get entityTexture for alexsmobs:textures/entity_icon/catfish_small.png
[10:56:39] [Render thread/WARN] [JMLogger] Can't get entityTexture for aquaculture:textures/entity_icon/turtle/box_turtle.png
[10:57:09] [Render thread/WARN] [JMLogger] Can't get entityTexture for alexsmobs:textures/entity_icon/cockroach.png
[10:57:09] [Render thread/WARN] [JMLogger] realmrpg_demons:textures/entities/chort.png doesn't have /entity/ in path, so can't look for /entity_icon/
[10:57:13] [Render thread/INFO] [JourneymapClient] Mapping halted in C:\Users\mitul\curseforge\minecraft\Instances\Ganger Pack\journeymap\data\mp\Minecraft~Server_5e3173d0~98c8~4df8~a541~cbbe385ff366\minecraft:overworld
[10:57:13] [Render thread/INFO] [MappingMonitorTask] World ID has been reset.
[10:57:13] [Render thread/INFO] [JourneymapClient] World UID is set to: null
